sum 3 2 = 5
div 5 2 = 2.5
sub 48 389 = -341
2022-08-22T23:16:33.445287 - roger - mul 5 8 = 40
2022-08-22T23:17:28.049936 - roger - sum 99 1 = 100
<<<<<<< HEAD
2022-08-23T23:30:53.390240 - roger - mul 57 578 = 32946
2022-08-23T23:31:19.146990 - roger - sub 58 78 = -20
2022-08-24T00:01:23.249302 - roger - sub 58 78 = -20
2022-08-24T00:01:29.151295 - roger - sub 58 78 = -20
2022-08-24T00:01:46.113180 - roger - sum 39 56 = 95
=======
2022-09-12T19:23:06.252476 - anonymous - sum 7 8 = 15
2022-09-12T19:24:37.790936 - anonymous - sub 9 20 = -11
>>>>>>> 80104d5a0c9af86044074a353cae7f5b3fd6b767
2022-12-04T09:53:39.393390 - roger - sum 5 6 = 11
2022-12-04T09:58:27.139046 - roger - sum 5 6 = 11
2022-12-04T10:05:02.729335 - roger - mul 2 9 = 18
2022-12-04T11:00:23.087260 - roger - sum 3 5 = 8
2022-12-04T11:00:23.087260 - roger - div 8 4 = 2.0
